# JRE version: OpenJDK Runtime Environment (8.0_242-b01) (build 1.8.0_242-release-1644-b01)
# Java VM: OpenJDK 64-Bit Server VM (25.242-b01 mixed mode windows-amd64 compressed oops)
Heap:
 PSYoungGen      total 329728K, used 152281K [0x00000000d5580000, 0x00000000f1500000, 0x0000000100000000)
  eden space 306176K, 42% used [0x00000000d5580000,0x00000000dd33c658,0x00000000e8080000)
  from space 23552K, 99% used [0x00000000e8080000,0x00000000e9779f00,0x00000000e9780000)
  to   space 29696K, 0% used [0x00000000ef800000,0x00000000ef800000,0x00000000f1500000)
 ParOldGen       total 119296K, used 44300K [0x0000000080000000, 0x0000000087480000, 0x00000000d5580000)
  object space 119296K, 37% used [0x0000000080000000,0x0000000082b430e0,0x0000000087480000)
 Metaspace       used 79725K, capacity 84400K, committed 84504K, reserved 1122304K
  class space    used 11178K, capacity 12024K, committed 12080K, reserved 1048576K
GC Heap History (10 events):
Event: 7.029 GC heap before
{Heap before GC invocations=10 (full 2):
 PSYoungGen      total 241152K, used 7899K [0x00000000d5580000, 0x00000000e4f00000, 0x0000000100000000)
  eden space 225792K, 0% used [0x00000000d5580000,0x00000000d5580000,0x00000000e3200000)
  from space 15360K, 51% used [0x00000000e4000000,0x00000000e47b6fa8,0x00000000e4f00000)
  to   space 14336K, 0% used [0x00000000e3200000,0x00000000e3200000,0x00000000e4000000)
 ParOldGen       total 55296K, used 9352K [0x0000000080000000, 0x0000000083600000, 0x00000000d5580000)
  object space 55296K, 16% used [0x0000000080000000,0x00000000809223d8,0x0000000083600000)
 Metaspace       used 34257K, capacity 35408K, committed 35496K, reserved 1079296K
  class space    used 4706K, capacity 5001K, committed 5040K, reserved 1048576K
Event: 7.076 GC heap after
Heap after GC invocations=10 (full 2):
 PSYoungGen      total 241152K, used 0K [0x00000000d5580000, 0x00000000e4f00000, 0x0000000100000000)
  eden space 225792K, 0% used [0x00000000d5580000,0x00000000d5580000,0x00000000e3200000)
  from space 15360K, 0% used [0x00000000e4000000,0x00000000e4000000,0x00000000e4f00000)
  to   space 14336K, 0% used [0x00000000e3200000,0x00000000e3200000,0x00000000e4000000)
 ParOldGen       total 76800K, used 14334K [0x0000000080000000, 0x0000000084b00000, 0x00000000d5580000)
  object space 76800K, 18% used [0x0000000080000000,0x0000000080dffbe8,0x0000000084b00000)
 Metaspace       used 34257K, capacity 35408K, committed 35496K, reserved 1079296K
  class space    used 4706K, capacity 5001K, committed 5040K, reserved 1048576K
}
Event: 9.890 GC heap before
{Heap before GC invocations=11 (full 2):
 PSYoungGen      total 241152K, used 225792K [0x00000000d5580000, 0x00000000e4f00000, 0x0000000100000000)
  eden space 225792K, 100% used [0x00000000d5580000,0x00000000e3200000,0x00000000e3200000)
  from space 15360K, 0% used [0x00000000e4000000,0x00000000e4000000,0x00000000e4f00000)
  to   space 14336K, 0% used [0x00000000e3200000,0x00000000e3200000,0x00000000e4000000)
 ParOldGen       total 76800K, used 14334K [0x0000000080000000, 0x0000000084b00000, 0x00000000d5580000)
  object space 76800K, 18% used [0x0000000080000000,0x0000000080dffbe8,0x0000000084b00000)
 Metaspace       used 45435K, capacity 47228K, committed 47528K, reserved 1089536K
  class space    used 6144K, capacity 6496K, committed 6576K, reserved 1048576K
Event: 9.911 GC heap after
Heap after GC invocations=11 (full 2):
 PSYoungGen      total 240128K, used 14305K [0x00000000d5580000, 0x00000000ea980000, 0x0000000100000000)
  eden space 225792K, 0% used [0x00000000d5580000,0x00000000d5580000,0x00000000e3200000)
  from space 14336K, 99% used [0x00000000e3200000,0x00000000e3ff8438,0x00000000e4000000)
  to   space 18432K, 0% used [0x00000000e9780000,0x00000000e9780000,0x00000000ea980000)
 ParOldGen       total 76800K, used 18964K [0x0000000080000000, 0x0000000084b00000, 0x00000000d5580000)
  object space 76800K, 24% used [0x0000000080000000,0x0000000081285138,0x0000000084b00000)
 Metaspace       used 45435K, capacity 47228K, committed 47528K, reserved 1089536K
  class space    used 6144K, capacity 6496K, committed 6576K, reserved 1048576K
}
Event: 12.034 GC heap before
{Heap before GC invocations=12 (full 2):
 PSYoungGen      total 240128K, used 151546K [0x00000000d5580000, 0x00000000ea980000, 0x0000000100000000)
  eden space 225792K, 60% used [0x00000000d5580000,0x00000000ddb86678,0x00000000e3200000)
  from space 14336K, 99% used [0x00000000e3200000,0x00000000e3ff8438,0x00000000e4000000)
  to   space 18432K, 0% used [0x00000000e9780000,0x00000000e9780000,0x00000000ea980000)
 ParOldGen       total 76800K, used 18964K [0x0000000080000000, 0x0000000084b00000, 0x00000000d5580000)
  object space 76800K, 24% used [0x0000000080000000,0x0000000081285138,0x0000000084b00000)
 Metaspace       used 56737K, capacity 59136K, committed 59160K, reserved 1099776K
  class space    used 7764K, capacity 8221K, committed 8240K, reserved 1048576K
Event: 12.100 GC heap after
Heap after GC invocations=12 (full 2):
 PSYoungGen      total 324608K, used 18412K [0x00000000d5580000, 0x00000000eb500000, 0x0000000100000000)
  eden space 306176K, 0% used [0x00000000d5580000,0x00000000d5580000,0x00000000e8080000)
  from space 18432K, 99% used [0x00000000e9780000,0x00000000ea97b330,0x00000000ea980000)
  to   space 23552K, 0% used [0x00000000e8080000,0x00000000e8080000,0x00000000e9780000)
 ParOldGen       total 76800K, used 26218K [0x0000000080000000, 0x0000000084b00000, 0x00000000d5580000)
  object space 76800K, 34% used [0x0000000080000000,0x000000008199ab88,0x0000000084b00000)
 Metaspace       used 56737K, capacity 59136K, committed 59160K, reserved 1099776K
  class space    used 7764K, capacity 8221K, committed 8240K, reserved 1048576K
}
Event: 12.100 GC heap before
{Heap before GC invocations=13 (full 3):
 PSYoungGen      total 324608K, used 18412K [0x00000000d5580000, 0x00000000eb500000, 0x0000000100000000)
  eden space 306176K, 0% used [0x00000000d5580000,0x00000000d5580000,0x00000000e8080000)
  from space 18432K, 99% used [0x00000000e9780000,0x00000000ea97b330,0x00000000ea980000)
  to   space 23552K, 0% used [0x00000000e8080000,0x00000000e8080000,0x00000000e9780000)
 ParOldGen       total 76800K, used 26218K [0x0000000080000000, 0x0000000084b00000, 0x00000000d5580000)
  object space 76800K, 34% used [0x0000000080000000,0x000000008199ab88,0x0000000084b00000)
 Metaspace       used 56737K, capacity 59136K, committed 59160K, reserved 1099776K
  class space    used 7764K, capacity 8221K, committed 8240K, reserved 1048576K
Event: 12.382 GC heap after
Heap after GC invocations=13 (full 3):
 PSYoungGen      total 324608K, used 0K [0x00000000d5580000, 0x00000000eb500000, 0x0000000100000000)
  eden space 306176K, 0% used [0x00000000d5580000,0x00000000d5580000,0x00000000e8080000)
  from space 18432K, 0% used [0x00000000e9780000,0x00000000e9780000,0x00000000ea980000)
  to   space 23552K, 0% used [0x00000000e8080000,0x00000000e8080000,0x00000000e9780000)
 ParOldGen       total 119296K, used 37429K [0x0000000080000000, 0x0000000087480000, 0x00000000d5580000)
  object space 119296K, 31% used [0x0000000080000000,0x000000008248d4f8,0x0000000087480000)
 Metaspace       used 56690K, capacity 58980K, committed 59160K, reserved 1099776K
  class space    used 7749K, capacity 8195K, committed 8240K, reserved 1048576K
}
Event: 17.244 GC heap before
{Heap before GC invocations=14 (full 3):
 PSYoungGen      total 324608K, used 306176K [0x00000000d5580000, 0x00000000eb500000, 0x0000000100000000)
  eden space 306176K, 100% used [0x00000000d5580000,0x00000000e8080000,0x00000000e8080000)
  from space 18432K, 0% used [0x00000000e9780000,0x00000000e9780000,0x00000000ea980000)
  to   space 23552K, 0% used [0x00000000e8080000,0x00000000e8080000,0x00000000e9780000)
 ParOldGen       total 119296K, used 37429K [0x0000000080000000, 0x0000000087480000, 0x00000000d5580000)
  object space 119296K, 31% used [0x0000000080000000,0x000000008248d4f8,0x0000000087480000)
 Metaspace       used 70117K, capacity 73792K, committed 74136K, reserved 1114112K
  class space    used 9657K, capacity 10328K, committed 10416K, reserved 1048576K
Event: 17.418 GC heap after
Heap after GC invocations=14 (full 3):
 PSYoungGen      total 329728K, used 23527K [0x00000000d5580000, 0x00000000f1500000, 0x0000000100000000)
  eden space 306176K, 0% used [0x00000000d5580000,0x00000000d5580000,0x00000000e8080000)
  from space 23552K, 99% used [0x00000000e8080000,0x00000000e9779f00,0x00000000e9780000)
  to   space 29696K, 0% used [0x00000000ef800000,0x00000000ef800000,0x00000000f1500000)
 ParOldGen       total 119296K, used 44300K [0x0000000080000000, 0x0000000087480000, 0x00000000d5580000)
  object space 119296K, 37% used [0x0000000080000000,0x0000000082b430e0,0x0000000087480000)
 Metaspace       used 70117K, capacity 73792K, committed 74136K, reserved 1114112K
  class space    used 9657K, capacity 10328K, committed 10416K, reserved 1048576K
}

