# JRE version: OpenJDK Runtime Environment (8.0_242-b01) (build 1.8.0_242-release-1644-b01)
# Java VM: OpenJDK 64-Bit Server VM (25.242-b01 mixed mode windows-amd64 compressed oops)
Heap:
 PSYoungGen      total 461312K, used 171085K [0x00000000d5580000, 0x00000000f7300000, 0x0000000100000000)
  eden space 429056K, 39% used [0x00000000d5580000,0x00000000dfc937e8,0x00000000ef880000)
  from space 32256K, 0% used [0x00000000ef880000,0x00000000ef880000,0x00000000f1800000)
  to   space 31232K, 0% used [0x00000000f5480000,0x00000000f5480000,0x00000000f7300000)
 ParOldGen       total 150016K, used 55160K [0x0000000080000000, 0x0000000089280000, 0x00000000d5580000)
  object space 150016K, 36% used [0x0000000080000000,0x00000000835de190,0x0000000089280000)
 Metaspace       used 92246K, capacity 98080K, committed 99352K, reserved 1134592K
  class space    used 12112K, capacity 13106K, committed 13360K, reserved 1048576K
GC Heap History (10 events):
Event: 419.930 GC heap before
{Heap before GC invocations=19 (full 3):
 PSYoungGen      total 347648K, used 347617K [0x00000000d5580000, 0x00000000f2080000, 0x0000000100000000)
  eden space 320512K, 100% used [0x00000000d5580000,0x00000000e8e80000,0x00000000e8e80000)
  from space 27136K, 99% used [0x00000000e8e80000,0x00000000ea8f85d0,0x00000000ea900000)
  to   space 34816K, 0% used [0x00000000efe80000,0x00000000efe80000,0x00000000f2080000)
 ParOldGen       total 100864K, used 52950K [0x0000000080000000, 0x0000000086280000, 0x00000000d5580000)
  object space 100864K, 52% used [0x0000000080000000,0x00000000833b5988,0x0000000086280000)
 Metaspace       used 89121K, capacity 94314K, committed 94616K, reserved 1130496K
  class space    used 11946K, capacity 12859K, committed 12976K, reserved 1048576K
Event: 419.956 GC heap after
Heap after GC invocations=19 (full 3):
 PSYoungGen      total 412672K, used 9569K [0x00000000d5580000, 0x00000000f1400000, 0x0000000100000000)
  eden space 390656K, 0% used [0x00000000d5580000,0x00000000d5580000,0x00000000ed300000)
  from space 22016K, 43% used [0x00000000efe80000,0x00000000f07d87f0,0x00000000f1400000)
  to   space 33280K, 0% used [0x00000000ed300000,0x00000000ed300000,0x00000000ef380000)
 ParOldGen       total 100864K, used 62066K [0x0000000080000000, 0x0000000086280000, 0x00000000d5580000)
  object space 100864K, 61% used [0x0000000080000000,0x0000000083c9cb90,0x0000000086280000)
 Metaspace       used 89121K, capacity 94314K, committed 94616K, reserved 1130496K
  class space    used 11946K, capacity 12859K, committed 12976K, reserved 1048576K
}
Event: 723.839 GC heap before
{Heap before GC invocations=20 (full 3):
 PSYoungGen      total 412672K, used 400225K [0x00000000d5580000, 0x00000000f1400000, 0x0000000100000000)
  eden space 390656K, 100% used [0x00000000d5580000,0x00000000ed300000,0x00000000ed300000)
  from space 22016K, 43% used [0x00000000efe80000,0x00000000f07d87f0,0x00000000f1400000)
  to   space 33280K, 0% used [0x00000000ed300000,0x00000000ed300000,0x00000000ef380000)
 ParOldGen       total 100864K, used 62066K [0x0000000080000000, 0x0000000086280000, 0x00000000d5580000)
  object space 100864K, 61% used [0x0000000080000000,0x0000000083c9cb90,0x0000000086280000)
 Metaspace       used 90628K, capacity 96152K, committed 96280K, reserved 1132544K
  class space    used 12037K, capacity 13024K, committed 13104K, reserved 1048576K
Event: 723.878 GC heap after
Heap after GC invocations=20 (full 3):
 PSYoungGen      total 423936K, used 17075K [0x00000000d5580000, 0x00000000f4100000, 0x0000000100000000)
  eden space 390656K, 0% used [0x00000000d5580000,0x00000000d5580000,0x00000000ed300000)
  from space 33280K, 51% used [0x00000000ed300000,0x00000000ee3acca0,0x00000000ef380000)
  to   space 32768K, 0% used [0x00000000f2100000,0x00000000f2100000,0x00000000f4100000)
 ParOldGen       total 100864K, used 62074K [0x0000000080000000, 0x0000000086280000, 0x00000000d5580000)
  object space 100864K, 61% used [0x0000000080000000,0x0000000083c9eb90,0x0000000086280000)
 Metaspace       used 90628K, capacity 96152K, committed 96280K, reserved 1132544K
  class space    used 12037K, capacity 13024K, committed 13104K, reserved 1048576K
}
Event: 2606.613 GC heap before
{Heap before GC invocations=21 (full 3):
 PSYoungGen      total 423936K, used 407731K [0x00000000d5580000, 0x00000000f4100000, 0x0000000100000000)
  eden space 390656K, 100% used [0x00000000d5580000,0x00000000ed300000,0x00000000ed300000)
  from space 33280K, 51% used [0x00000000ed300000,0x00000000ee3acca0,0x00000000ef380000)
  to   space 32768K, 0% used [0x00000000f2100000,0x00000000f2100000,0x00000000f4100000)
 ParOldGen       total 100864K, used 62074K [0x0000000080000000, 0x0000000086280000, 0x00000000d5580000)
  object space 100864K, 61% used [0x0000000080000000,0x0000000083c9eb90,0x0000000086280000)
 Metaspace       used 91858K, capacity 98390K, committed 98584K, reserved 1134592K
  class space    used 12181K, capacity 13285K, committed 13360K, reserved 1048576K
Event: 2606.997 GC heap after
Heap after GC invocations=21 (full 3):
 PSYoungGen      total 452096K, used 17763K [0x00000000d5580000, 0x00000000f3780000, 0x0000000100000000)
  eden space 429056K, 0% used [0x00000000d5580000,0x00000000d5580000,0x00000000ef880000)
  from space 23040K, 77% used [0x00000000f2100000,0x00000000f3258de0,0x00000000f3780000)
  to   space 32256K, 0% used [0x00000000ef880000,0x00000000ef880000,0x00000000f1800000)
 ParOldGen       total 100864K, used 62082K [0x0000000080000000, 0x0000000086280000, 0x00000000d5580000)
  object space 100864K, 61% used [0x0000000080000000,0x0000000083ca0b90,0x0000000086280000)
 Metaspace       used 91858K, capacity 98390K, committed 98584K, reserved 1134592K
  class space    used 12181K, capacity 13285K, committed 13360K, reserved 1048576K
}
Event: 2607.579 GC heap before
{Heap before GC invocations=22 (full 3):
 PSYoungGen      total 452096K, used 56364K [0x00000000d5580000, 0x00000000f3780000, 0x0000000100000000)
  eden space 429056K, 8% used [0x00000000d5580000,0x00000000d7b32618,0x00000000ef880000)
  from space 23040K, 77% used [0x00000000f2100000,0x00000000f3258de0,0x00000000f3780000)
  to   space 32256K, 0% used [0x00000000ef880000,0x00000000ef880000,0x00000000f1800000)
 ParOldGen       total 100864K, used 62082K [0x0000000080000000, 0x0000000086280000, 0x00000000d5580000)
  object space 100864K, 61% used [0x0000000080000000,0x0000000083ca0b90,0x0000000086280000)
 Metaspace       used 91995K, capacity 98492K, committed 98584K, reserved 1134592K
  class space    used 12197K, capacity 13290K, committed 13360K, reserved 1048576K
Event: 2607.606 GC heap after
Heap after GC invocations=22 (full 3):
 PSYoungGen      total 461312K, used 10176K [0x00000000d5580000, 0x00000000f7300000, 0x0000000100000000)
  eden space 429056K, 0% used [0x00000000d5580000,0x00000000d5580000,0x00000000ef880000)
  from space 32256K, 31% used [0x00000000ef880000,0x00000000f02700d0,0x00000000f1800000)
  to   space 31232K, 0% used [0x00000000f5480000,0x00000000f5480000,0x00000000f7300000)
 ParOldGen       total 100864K, used 62090K [0x0000000080000000, 0x0000000086280000, 0x00000000d5580000)
  object space 100864K, 61% used [0x0000000080000000,0x0000000083ca2b90,0x0000000086280000)
 Metaspace       used 91995K, capacity 98492K, committed 98584K, reserved 1134592K
  class space    used 12197K, capacity 13290K, committed 13360K, reserved 1048576K
}
Event: 2607.606 GC heap before
{Heap before GC invocations=23 (full 4):
 PSYoungGen      total 461312K, used 10176K [0x00000000d5580000, 0x00000000f7300000, 0x0000000100000000)
  eden space 429056K, 0% used [0x00000000d5580000,0x00000000d5580000,0x00000000ef880000)
  from space 32256K, 31% used [0x00000000ef880000,0x00000000f02700d0,0x00000000f1800000)
  to   space 31232K, 0% used [0x00000000f5480000,0x00000000f5480000,0x00000000f7300000)
 ParOldGen       total 100864K, used 62090K [0x0000000080000000, 0x0000000086280000, 0x00000000d5580000)
  object space 100864K, 61% used [0x0000000080000000,0x0000000083ca2b90,0x0000000086280000)
 Metaspace       used 91995K, capacity 98492K, committed 98584K, reserved 1134592K
  class space    used 12197K, capacity 13290K, committed 13360K, reserved 1048576K
Event: 2609.243 GC heap after
Heap after GC invocations=23 (full 4):
 PSYoungGen      total 461312K, used 0K [0x00000000d5580000, 0x00000000f7300000, 0x0000000100000000)
  eden space 429056K, 0% used [0x00000000d5580000,0x00000000d5580000,0x00000000ef880000)
  from space 32256K, 0% used [0x00000000ef880000,0x00000000ef880000,0x00000000f1800000)
  to   space 31232K, 0% used [0x00000000f5480000,0x00000000f5480000,0x00000000f7300000)
 ParOldGen       total 150016K, used 55160K [0x0000000080000000, 0x0000000089280000, 0x00000000d5580000)
  object space 150016K, 36% used [0x0000000080000000,0x00000000835de190,0x0000000089280000)
 Metaspace       used 91424K, capacity 97178K, committed 98584K, reserved 1134592K
  class space    used 12052K, capacity 13027K, committed 13360K, reserved 1048576K
}

