# JRE version: OpenJDK Runtime Environment (8.0_242-b01) (build 1.8.0_242-release-1644-b01)
# Java VM: OpenJDK 64-Bit Server VM (25.242-b01 mixed mode windows-amd64 compressed oops)
Heap:
 PSYoungGen      total 257024K, used 83158K [0x00000000d5580000, 0x00000000e5e80000, 0x0000000100000000)
  eden space 242688K, 28% used [0x00000000d5580000,0x00000000d98b7c70,0x00000000e4280000)
  from space 14336K, 99% used [0x00000000e4280000,0x00000000e507dc28,0x00000000e5080000)
  to   space 12288K, 0% used [0x00000000e5280000,0x00000000e5280000,0x00000000e5e80000)
 ParOldGen       total 68096K, used 21380K [0x0000000080000000, 0x0000000084280000, 0x00000000d5580000)
  object space 68096K, 31% used [0x0000000080000000,0x00000000814e1150,0x0000000084280000)
 Metaspace       used 52979K, capacity 55102K, committed 55208K, reserved 1097728K
  class space    used 7134K, capacity 7561K, committed 7600K, reserved 1048576K
GC Heap History (10 events):
Event: 3.746 GC heap before
{Heap before GC invocations=7 (full 1):
 PSYoungGen      total 144384K, used 5216K [0x00000000d5580000, 0x00000000dee80000, 0x0000000100000000)
  eden space 133120K, 0% used [0x00000000d5580000,0x00000000d5580000,0x00000000dd780000)
  from space 11264K, 46% used [0x00000000de380000,0x00000000de898040,0x00000000dee80000)
  to   space 11776K, 0% used [0x00000000dd780000,0x00000000dd780000,0x00000000de300000)
 ParOldGen       total 87552K, used 10194K [0x0000000080000000, 0x0000000085580000, 0x00000000d5580000)
  object space 87552K, 11% used [0x0000000080000000,0x00000000809f4b88,0x0000000085580000)
 Metaspace       used 20582K, capacity 21220K, committed 21296K, reserved 1067008K
  class space    used 2873K, capacity 3076K, committed 3120K, reserved 1048576K
Event: 3.786 GC heap after
Heap after GC invocations=7 (full 1):
 PSYoungGen      total 144384K, used 0K [0x00000000d5580000, 0x00000000dee80000, 0x0000000100000000)
  eden space 133120K, 0% used [0x00000000d5580000,0x00000000d5580000,0x00000000dd780000)
  from space 11264K, 0% used [0x00000000de380000,0x00000000de380000,0x00000000dee80000)
  to   space 11776K, 0% used [0x00000000dd780000,0x00000000dd780000,0x00000000de300000)
 ParOldGen       total 50688K, used 6706K [0x0000000080000000, 0x0000000083180000, 0x00000000d5580000)
  object space 50688K, 13% used [0x0000000080000000,0x000000008068cb50,0x0000000083180000)
 Metaspace       used 20582K, capacity 21220K, committed 21296K, reserved 1067008K
  class space    used 2873K, capacity 3076K, committed 3120K, reserved 1048576K
}
Event: 5.598 GC heap before
{Heap before GC invocations=8 (full 1):
 PSYoungGen      total 144384K, used 133120K [0x00000000d5580000, 0x00000000dee80000, 0x0000000100000000)
  eden space 133120K, 100% used [0x00000000d5580000,0x00000000dd780000,0x00000000dd780000)
  from space 11264K, 0% used [0x00000000de380000,0x00000000de380000,0x00000000dee80000)
  to   space 11776K, 0% used [0x00000000dd780000,0x00000000dd780000,0x00000000de300000)
 ParOldGen       total 50688K, used 6706K [0x0000000080000000, 0x0000000083180000, 0x00000000d5580000)
  object space 50688K, 13% used [0x0000000080000000,0x000000008068cb50,0x0000000083180000)
 Metaspace       used 32998K, capacity 34110K, committed 34352K, reserved 1079296K
  class space    used 4512K, capacity 4790K, committed 4912K, reserved 1048576K
Event: 5.616 GC heap after
Heap after GC invocations=8 (full 1):
 PSYoungGen      total 144896K, used 11755K [0x00000000d5580000, 0x00000000e6180000, 0x0000000100000000)
  eden space 133120K, 0% used [0x00000000d5580000,0x00000000d5580000,0x00000000dd780000)
  from space 11776K, 99% used [0x00000000dd780000,0x00000000de2fae48,0x00000000de300000)
  to   space 15360K, 0% used [0x00000000e5280000,0x00000000e5280000,0x00000000e6180000)
 ParOldGen       total 50688K, used 9337K [0x0000000080000000, 0x0000000083180000, 0x00000000d5580000)
  object space 50688K, 18% used [0x0000000080000000,0x000000008091e5d8,0x0000000083180000)
 Metaspace       used 32998K, capacity 34110K, committed 34352K, reserved 1079296K
  class space    used 4512K, capacity 4790K, committed 4912K, reserved 1048576K
}
Event: 5.896 GC heap before
{Heap before GC invocations=9 (full 1):
 PSYoungGen      total 144896K, used 40146K [0x00000000d5580000, 0x00000000e6180000, 0x0000000100000000)
  eden space 133120K, 21% used [0x00000000d5580000,0x00000000d7139aa0,0x00000000dd780000)
  from space 11776K, 99% used [0x00000000dd780000,0x00000000de2fae48,0x00000000de300000)
  to   space 15360K, 0% used [0x00000000e5280000,0x00000000e5280000,0x00000000e6180000)
 ParOldGen       total 50688K, used 9337K [0x0000000080000000, 0x0000000083180000, 0x00000000d5580000)
  object space 50688K, 18% used [0x0000000080000000,0x000000008091e5d8,0x0000000083180000)
 Metaspace       used 34306K, capacity 35410K, committed 35496K, reserved 1079296K
  class space    used 4722K, capacity 5002K, committed 5040K, reserved 1048576K
Event: 5.907 GC heap after
Heap after GC invocations=9 (full 1):
 PSYoungGen      total 254976K, used 8034K [0x00000000d5580000, 0x00000000e5e80000, 0x0000000100000000)
  eden space 242688K, 0% used [0x00000000d5580000,0x00000000d5580000,0x00000000e4280000)
  from space 12288K, 65% used [0x00000000e5280000,0x00000000e5a58938,0x00000000e5e80000)
  to   space 14336K, 0% used [0x00000000e4280000,0x00000000e4280000,0x00000000e5080000)
 ParOldGen       total 50688K, used 9345K [0x0000000080000000, 0x0000000083180000, 0x00000000d5580000)
  object space 50688K, 18% used [0x0000000080000000,0x00000000809205d8,0x0000000083180000)
 Metaspace       used 34306K, capacity 35410K, committed 35496K, reserved 1079296K
  class space    used 4722K, capacity 5002K, committed 5040K, reserved 1048576K
}
Event: 5.907 GC heap before
{Heap before GC invocations=10 (full 2):
 PSYoungGen      total 254976K, used 8034K [0x00000000d5580000, 0x00000000e5e80000, 0x0000000100000000)
  eden space 242688K, 0% used [0x00000000d5580000,0x00000000d5580000,0x00000000e4280000)
  from space 12288K, 65% used [0x00000000e5280000,0x00000000e5a58938,0x00000000e5e80000)
  to   space 14336K, 0% used [0x00000000e4280000,0x00000000e4280000,0x00000000e5080000)
 ParOldGen       total 50688K, used 9345K [0x0000000080000000, 0x0000000083180000, 0x00000000d5580000)
  object space 50688K, 18% used [0x0000000080000000,0x00000000809205d8,0x0000000083180000)
 Metaspace       used 34306K, capacity 35410K, committed 35496K, reserved 1079296K
  class space    used 4722K, capacity 5002K, committed 5040K, reserved 1048576K
Event: 5.952 GC heap after
Heap after GC invocations=10 (full 2):
 PSYoungGen      total 254976K, used 0K [0x00000000d5580000, 0x00000000e5e80000, 0x0000000100000000)
  eden space 242688K, 0% used [0x00000000d5580000,0x00000000d5580000,0x00000000e4280000)
  from space 12288K, 0% used [0x00000000e5280000,0x00000000e5280000,0x00000000e5e80000)
  to   space 14336K, 0% used [0x00000000e4280000,0x00000000e4280000,0x00000000e5080000)
 ParOldGen       total 68096K, used 14467K [0x0000000080000000, 0x0000000084280000, 0x00000000d5580000)
  object space 68096K, 21% used [0x0000000080000000,0x0000000080e20fa8,0x0000000084280000)
 Metaspace       used 34306K, capacity 35410K, committed 35496K, reserved 1079296K
  class space    used 4722K, capacity 5002K, committed 5040K, reserved 1048576K
}
Event: 9.080 GC heap before
{Heap before GC invocations=11 (full 2):
 PSYoungGen      total 254976K, used 242688K [0x00000000d5580000, 0x00000000e5e80000, 0x0000000100000000)
  eden space 242688K, 100% used [0x00000000d5580000,0x00000000e4280000,0x00000000e4280000)
  from space 12288K, 0% used [0x00000000e5280000,0x00000000e5280000,0x00000000e5e80000)
  to   space 14336K, 0% used [0x00000000e4280000,0x00000000e4280000,0x00000000e5080000)
 ParOldGen       total 68096K, used 14467K [0x0000000080000000, 0x0000000084280000, 0x00000000d5580000)
  object space 68096K, 21% used [0x0000000080000000,0x0000000080e20fa8,0x0000000084280000)
 Metaspace       used 47764K, capacity 49624K, committed 49832K, reserved 1091584K
  class space    used 6453K, capacity 6804K, committed 6832K, reserved 1048576K
Event: 9.105 GC heap after
Heap after GC invocations=11 (full 2):
 PSYoungGen      total 257024K, used 14327K [0x00000000d5580000, 0x00000000e5e80000, 0x0000000100000000)
  eden space 242688K, 0% used [0x00000000d5580000,0x00000000d5580000,0x00000000e4280000)
  from space 14336K, 99% used [0x00000000e4280000,0x00000000e507dc28,0x00000000e5080000)
  to   space 12288K, 0% used [0x00000000e5280000,0x00000000e5280000,0x00000000e5e80000)
 ParOldGen       total 68096K, used 21380K [0x0000000080000000, 0x0000000084280000, 0x00000000d5580000)
  object space 68096K, 31% used [0x0000000080000000,0x00000000814e1150,0x0000000084280000)
 Metaspace       used 47764K, capacity 49624K, committed 49832K, reserved 1091584K
  class space    used 6453K, capacity 6804K, committed 6832K, reserved 1048576K
}

